#
# A fatal error has been detected by the Java Runtime Environment:
#
#  SIGBUS (0xa) at pc=0x0000000102f83a82, pid=2807, tid=0x0000000000004703
#
# JRE version: OpenJDK Runtime Environment (8.0_202) (build 1.8.0_202-release-1483-b49-5587405)
# Java VM: OpenJDK 64-Bit Server VM (25.202-b49-5587405 mixed mode bsd-amd64 compressed oops)
# Problematic frame:
# V  [libjvm.dylib+0x183a82]
#
# Failed to write core dump. Core dumps have been disabled. To enable core dumping, try "ulimit -c unlimited" before starting Java again
#
# If you would like to submit a bug report, please visit:
#   http://bugreport.java.com/bugreport/crash.jsp
#

---------------  T H R E A D  ---------------

Current thread (0x00007ff6df80e000):  JavaThread "C2 CompilerThread1" daemon [_thread_in_native, id=18179, stack(0x00007000014cd000,0x00007000015cd000)]

siginfo: si_signo: 10 (SIGBUS), si_code: 2 (BUS_ADRERR), si_addr: 0x00000007fea9ad50

Registers:
RAX=0x0000000000000002, RBX=0x0000000000000005, RCX=0x0000000000000008, RDX=0x000000010830a010
RSP=0x00007000015c99f0, RBP=0x00007000015c9a20, RSI=0x0000000000000005, RDI=0x00000000decf21a8
R8 =0x00007ff6deab3410, R9 =0xffffffff00000000, R10=0x0000000103605e60, R11=0x0000000103605e68
R12=0x00007ff6df3eb9b0, R13=0x00007ff6df3ebda0, R14=0x0000000000000001, R15=0x0000000000000001
RIP=0x0000000102f83a82, EFLAGS=0x0000000000010202, ERR=0x0000000000000004
  TRAPNO=0x000000000000000e

Top of Stack: (sp=0x00007000015c99f0)
0x00007000015c99f0:   00007000015c9a50 0000000000000629
0x00007000015c9a00:   00007000015c9b98 00007000015cb2a8
0x00007000015c9a10:   00007000015c9a50 00007000015c9b10
0x00007000015c9a20:   00007000015c9a40 0000000102f82d09
0x00007000015c9a30:   00007000015c9a50 00007000015c9bd8
0x00007000015c9a40:   00007000015c9c70 0000000102f4517a
0x00007000015c9a50:   00000001035dc050 000000000000000d
0x00007000015c9a60:   00007000015cc068 00007000015cb2a8
0x00007000015c9a70:   000000000000bd10 0000000103604a8c
0x00007000015c9a80:   00007000015c9b00 000000000000000c
0x00007000015c9a90:   00007000015c9ab0 00007fff6105950b
0x00007000015c9aa0:   0000000000000000 0000000103604a8c
0x00007000015c9ab0:   00007000015c9af0 000000010324e945
0x00007000015c9ac0:   0000000000000000 000000000000bd10
0x00007000015c9ad0:   00007ff6deab3400 00007000015cb2a8
0x00007000015c9ae0:   00007ff6deabf200 000000000000bd10
0x00007000015c9af0:   00007000015c9b40 0000000102e98e1f
0x00007000015c9b00:   0000000000000000 0000000000000000
0x00007000015c9b10:   000000000000000a 00007000015cc068
0x00007000015c9b20:   00000001084ac010 0000000108577010
0x00007000015c9b30:   00007ff6e0430010 00007ff6e0434020
0x00007000015c9b40:   00007ff6dfabc210 00007000015cb3d8
0x00007000015c9b50:   00007000015cb3b8 0000000000000cd6
0x00007000015c9b60:   00007000015c9bd8 0000000000000006
0x00007000015c9b70:   00007ff6de70e420 00007ff6de70e420
0x00007000015c9b80:   00007ff6de70e430 00007ff6de70e808
0x00007000015c9b90:   00000000000003d8 00007ff60000000c
0x00007000015c9ba0:   00007000015cc068 00000001086a2010
0x00007000015c9bb0:   00007ff6df80e001 0000000108455010
0x00007000015c9bc0:   0000000000000cd6 00007000015c9bd8
0x00007000015c9bd0:   00007ff6de5314b0 0000000100000006
0x00007000015c9be0:   00007ff6de5314a0 00007ff6df365200 

Instructions: (pc=0x0000000102f83a82)
0x0000000102f83a62:   31 f6 ff c6 85 c9 74 09 49 8b 7d 20 48 8b 3f eb
0x0000000102f83a72:   02 31 ff 48 8b 7f 08 89 f3 48 8b 3c df 8b 7f 28
0x0000000102f83a82:   4c 39 24 fa 75 dc 41 83 7d 28 02 72 4d 41 be 01
0x0000000102f83a92:   00 00 00 eb 04 41 8b 4d 18 89 c8 49 39 c6 73 0a 

Register to memory mapping:

RAX=0x0000000000000002 is an unknown value
RBX=0x0000000000000005 is an unknown value
RCX=0x0000000000000008 is an unknown value
RDX=0x000000010830a010 is an unknown value
RSP=0x00007000015c99f0 is pointing into the stack for thread: 0x00007ff6df80e000
RBP=0x00007000015c9a20 is pointing into the stack for thread: 0x00007ff6df80e000
RSI=0x0000000000000005 is an unknown value
RDI=0x00000000decf21a8 is an unknown value
R8 =0x00007ff6deab3410 is an unknown value
R9 =0xffffffff00000000 is an unknown value
R10=0x0000000103605e60: _ZL8tc_mutex+0x18 in /Applications/Android Studio.app/Contents/jre/jdk/Contents/Home/jre/lib/server/libjvm.dylib at 0x0000000102e00000
R11=0x0000000103605e68: _ZL8tc_mutex+0x20 in /Applications/Android Studio.app/Contents/jre/jdk/Contents/Home/jre/lib/server/libjvm.dylib at 0x0000000102e00000
R12=0x00007ff6df3eb9b0 is an unknown value
R13=0x00007ff6df3ebda0 is an unknown value
R14=0x0000000000000001 is an unknown value
R15=0x0000000000000001 is an unknown value


Stack: [0x00007000014cd000,0x00007000015cd000],  sp=0x00007000015c99f0,  free space=1010k
Native frames: (J=compiled Java code, j=interpreted, Vv=VM code, C=native code)
V  [libjvm.dylib+0x183a82]
V  [libjvm.dylib+0x182d09]
V  [libjvm.dylib+0x14517a]
V  [libjvm.dylib+0x19955a]
V  [libjvm.dylib+0x198067]
V  [libjvm.dylib+0x136ef8]
V  [libjvm.dylib+0x1a35b7]
V  [libjvm.dylib+0x1a2abc]
V  [libjvm.dylib+0x51e598]
V  [libjvm.dylib+0x51e45d]
V  [libjvm.dylib+0x4516c3]
C  [libsystem_pthread.dylib+0x36c1]  _pthread_body+0x154
C  [libsystem_pthread.dylib+0x356d]  _pthread_body+0x0
C  [libsystem_pthread.dylib+0x2c5d]  thread_start+0xd
C  0x0000000000000000


Current CompileTask:
C2:   9135 1626   !   4       com.android.dx.cf.code.BytecodeArray::parseInstruction (2796 bytes)


---------------  P R O C E S S  ---------------

Java Threads: ( => current thread )
  0x00007ff6df89f000 JavaThread "pool-1-thread-4" [_thread_in_Java, id=15875, stack(0x0000700001ce5000,0x0000700001de5000)]
  0x00007ff6df0e7000 JavaThread "pool-1-thread-3" [_thread_in_Java, id=15619, stack(0x0000700001be2000,0x0000700001ce2000)]
  0x00007ff6df0e6800 JavaThread "pool-1-thread-2" [_thread_in_Java, id=15363, stack(0x0000700001adf000,0x0000700001bdf000)]
  0x00007ff6df0dd000 JavaThread "pool-2-thread-1" [_thread_blocked, id=16643, stack(0x00007000019dc000,0x0000700001adc000)]
  0x00007ff6df89b000 JavaThread "pool-1-thread-1" [_thread_in_Java, id=14595, stack(0x00007000018d9000,0x00007000019d9000)]
  0x00007ff6df057800 JavaThread "Service Thread" daemon [_thread_blocked, id=17667, stack(0x00007000016d3000,0x00007000017d3000)]
  0x00007ff6e0007000 JavaThread "C1 CompilerThread2" daemon [_thread_in_vm, id=14083, stack(0x00007000015d0000,0x00007000016d0000)]
=>0x00007ff6df80e000 JavaThread "C2 CompilerThread1" daemon [_thread_in_native, id=18179, stack(0x00007000014cd000,0x00007000015cd000)]
  0x00007ff6de813800 JavaThread "C2 CompilerThread0" daemon [_thread_in_native, id=18435, stack(0x00007000013ca000,0x00007000014ca000)]
  0x00007ff6de813000 JavaThread "Signal Dispatcher" daemon [_thread_blocked, id=13575, stack(0x00007000012c7000,0x00007000013c7000)]
  0x00007ff6df802800 JavaThread "Finalizer" daemon [_thread_blocked, id=20739, stack(0x00007000011c4000,0x00007000012c4000)]
  0x00007ff6df03f000 JavaThread "Reference Handler" daemon [_thread_blocked, id=20995, stack(0x00007000010c1000,0x00007000011c1000)]
  0x00007ff6df803800 JavaThread "main" [_thread_in_Java, id=6659, stack(0x0000700000aaf000,0x0000700000baf000)]

Other Threads:
  0x00007ff6df802000 VMThread [stack: 0x0000700000fbe000,0x00007000010be000] [id=11523]
  0x00007ff6e0004800 WatcherThread [stack: 0x00007000017d6000,0x00007000018d6000] [id=17155]

VM state:not at safepoint (normal execution)

VM Mutex/Monitor currently owned by a thread: None

heap address: 0x0000000780000000, size: 1024 MB, Compressed Oops mode: Zero based, Oop shift amount: 3
Narrow klass base: 0x0000000000000000, Narrow klass shift: 3
Compressed class space size: 1073741824 Address: 0x00000007c0000000

Heap:
 PSYoungGen      total 146944K, used 61756K [0x00000007aab00000, 0x00000007b5200000, 0x00000007c0000000)
  eden space 130560K, 34% used [0x00000007aab00000,0x00000007ad77dea0,0x00000007b2a80000)
  from space 16384K, 98% used [0x00000007b3d00000,0x00000007b4cd14f8,0x00000007b4d00000)
  to   space 18944K, 0% used [0x00000007b2a80000,0x00000007b2a80000,0x00000007b3d00000)
 ParOldGen       total 87552K, used 24148K [0x0000000780000000, 0x0000000785580000, 0x00000007aab00000)
  object space 87552K, 27% used [0x0000000780000000,0x00000007817950b0,0x0000000785580000)
 Metaspace       used 6377K, capacity 7220K, committed 7296K, reserved 1056768K
  class space    used 606K, capacity 620K, committed 640K, reserved 1048576K

Card table byte_map: [0x0000000104037000,0x0000000104238000] byte_map_base: 0x0000000100437000

Marking Bits: (ParMarkBitMap*) 0x000000010361bf78
 Begin Bits: [0x000000010438e000, 0x000000010538e000)
 End Bits:   [0x000000010538e000, 0x000000010638e000)

Polling page: 0x000000010259a000

CodeCache: size=245760Kb used=6459Kb max_used=6459Kb free=239301Kb
 bounds [0x000000010b6fb000, 0x000000010bd5b000, 0x000000011a6fb000]
 total_blobs=1932 nmethods=1659 adapters=187
 compilation: enabled

Compilation events (10 events):
Event: 9.067 Thread 0x00007ff6e0007000 nmethod 2153 0x000000010bd3e890 code [0x000000010bd3ea20, 0x000000010bd3ecb8]
Event: 9.067 Thread 0x00007ff6e0007000 2126       2       com.android.dx.ssa.NormalSsaInsn::isMoveException (20 bytes)
Event: 9.067 Thread 0x00007ff6e0007000 nmethod 2126 0x000000010bd3ee50 code [0x000000010bd3efc0, 0x000000010bd3f130]
Event: 9.067 Thread 0x00007ff6e0007000 1469       1       com.android.dx.cf.code.RopperMachine::getReturnOp (5 bytes)
Event: 9.068 Thread 0x00007ff6e0007000 nmethod 1469 0x000000010bd3f210 code [0x000000010bd3f360, 0x000000010bd3f470]
Event: 9.068 Thread 0x00007ff6e0007000 2154       2       com.android.dx.dex.file.ClassDefItem::addDirectMethod (9 bytes)
Event: 9.069 Thread 0x00007ff6e0007000 nmethod 2154 0x000000010bd3f4d0 code [0x000000010bd3f660, 0x000000010bd3f9b8]
Event: 9.069 Thread 0x00007ff6e0007000 2157       2       com.android.dx.cf.cst.ConstantPoolParser::parse (365 bytes)
Event: 9.078 Thread 0x00007ff6e0007000 nmethod 2157 0x000000010bd40010 code [0x000000010bd403e0, 0x000000010bd417c8]
Event: 9.078 Thread 0x00007ff6e0007000 2187       1       com.android.dx.rop.cst.TypedConstant::getFrameType (2 bytes)

GC Heap History (10 events):
Event: 4.371 GC heap before
{Heap before GC invocations=2 (full 0):
 PSYoungGen      total 38400K, used 38386K [0x00000007aab00000, 0x00000007ad580000, 0x00000007c0000000)
  eden space 33280K, 100% used [0x00000007aab00000,0x00000007acb80000,0x00000007acb80000)
  from space 5120K, 99% used [0x00000007acb80000,0x00000007ad07c978,0x00000007ad080000)
  to   space 5120K, 0% used [0x00000007ad080000,0x00000007ad080000,0x00000007ad580000)
 ParOldGen       total 87552K, used 126K [0x0000000780000000, 0x0000000785580000, 0x00000007aab00000)
  object space 87552K, 0% used [0x0000000780000000,0x000000078001fa20,0x0000000785580000)
 Metaspace       used 5988K, capacity 6960K, committed 7040K, reserved 1056768K
  class space    used 586K, capacity 616K, committed 640K, reserved 1048576K
Event: 4.385 GC heap after
Heap after GC invocations=2 (full 0):
 PSYoungGen      total 38400K, used 5088K [0x00000007aab00000, 0x00000007ad580000, 0x00000007c0000000)
  eden space 33280K, 0% used [0x00000007aab00000,0x00000007aab00000,0x00000007acb80000)
  from space 5120K, 99% used [0x00000007ad080000,0x00000007ad578178,0x00000007ad580000)
  to   space 5120K, 0% used [0x00000007acb80000,0x00000007acb80000,0x00000007ad080000)
 ParOldGen       total 87552K, used 4051K [0x0000000780000000, 0x0000000785580000, 0x00000007aab00000)
  object space 87552K, 4% used [0x0000000780000000,0x00000007803f4fa0,0x0000000785580000)
 Metaspace       used 5988K, capacity 6960K, committed 7040K, reserved 1056768K
  class space    used 586K, capacity 616K, committed 640K, reserved 1048576K
}
Event: 5.209 GC heap before
{Heap before GC invocations=3 (full 0):
 PSYoungGen      total 38400K, used 38368K [0x00000007aab00000, 0x00000007ad580000, 0x00000007c0000000)
  eden space 33280K, 100% used [0x00000007aab00000,0x00000007acb80000,0x00000007acb80000)
  from space 5120K, 99% used [0x00000007ad080000,0x00000007ad578178,0x00000007ad580000)
  to   space 5120K, 0% used [0x00000007acb80000,0x00000007acb80000,0x00000007ad080000)
 ParOldGen       total 87552K, used 4051K [0x0000000780000000, 0x0000000785580000, 0x00000007aab00000)
  object space 87552K, 4% used [0x0000000780000000,0x00000007803f4fa0,0x0000000785580000)
 Metaspace       used 6043K, capacity 6960K, committed 7040K, reserved 1056768K
  class space    used 586K, capacity 616K, committed 640K, reserved 1048576K
Event: 5.235 GC heap after
Heap after GC invocations=3 (full 0):
 PSYoungGen      total 38400K, used 5106K [0x00000007aab00000, 0x00000007af600000, 0x00000007c0000000)
  eden space 33280K, 0% used [0x00000007aab00000,0x00000007aab00000,0x00000007acb80000)
  from space 5120K, 99% used [0x00000007acb80000,0x00000007ad07c8d8,0x00000007ad080000)
  to   space 5120K, 0% used [0x00000007af100000,0x00000007af100000,0x00000007af600000)
 ParOldGen       total 87552K, used 9153K [0x0000000780000000, 0x0000000785580000, 0x00000007aab00000)
  object space 87552K, 10% used [0x0000000780000000,0x00000007808f0600,0x0000000785580000)
 Metaspace       used 6043K, capacity 6960K, committed 7040K, reserved 1056768K
  class space    used 586K, capacity 616K, committed 640K, reserved 1048576K
}
Event: 5.820 GC heap before
{Heap before GC invocations=4 (full 0):
 PSYoungGen      total 38400K, used 38386K [0x00000007aab00000, 0x00000007af600000, 0x00000007c0000000)
  eden space 33280K, 100% used [0x00000007aab00000,0x00000007acb80000,0x00000007acb80000)
  from space 5120K, 99% used [0x00000007acb80000,0x00000007ad07c8d8,0x00000007ad080000)
  to   space 5120K, 0% used [0x00000007af100000,0x00000007af100000,0x00000007af600000)
 ParOldGen       total 87552K, used 9153K [0x0000000780000000, 0x0000000785580000, 0x00000007aab00000)
  object space 87552K, 10% used [0x0000000780000000,0x00000007808f0600,0x0000000785580000)
 Metaspace       used 6046K, capacity 6960K, committed 7040K, reserved 1056768K
  class space    used 586K, capacity 616K, committed 640K, reserved 1048576K
Event: 5.850 GC heap after
Heap after GC invocations=4 (full 0):
 PSYoungGen      total 71680K, used 5109K [0x00000007aab00000, 0x00000007af600000, 0x00000007c0000000)
  eden space 66560K, 0% used [0x00000007aab00000,0x00000007aab00000,0x00000007aec00000)
  from space 5120K, 99% used [0x00000007af100000,0x00000007af5fd4e8,0x00000007af600000)
  to   space 5120K, 0% used [0x00000007aec00000,0x00000007aec00000,0x00000007af100000)
 ParOldGen       total 87552K, used 14125K [0x0000000780000000, 0x0000000785580000, 0x00000007aab00000)
  object space 87552K, 16% used [0x0000000780000000,0x0000000780dcb6e8,0x0000000785580000)
 Metaspace       used 6046K, capacity 6960K, committed 7040K, reserved 1056768K
  class space    used 586K, capacity 616K, committed 640K, reserved 1048576K
}
Event: 7.139 GC heap before
{Heap before GC invocations=5 (full 0):
 PSYoungGen      total 71680K, used 71669K [0x00000007aab00000, 0x00000007af600000, 0x00000007c0000000)
  eden space 66560K, 100% used [0x00000007aab00000,0x00000007aec00000,0x00000007aec00000)
  from space 5120K, 99% used [0x00000007af100000,0x00000007af5fd4e8,0x00000007af600000)
  to   space 5120K, 0% used [0x00000007aec00000,0x00000007aec00000,0x00000007af100000)
 ParOldGen       total 87552K, used 14125K [0x0000000780000000, 0x0000000785580000, 0x00000007aab00000)
  object space 87552K, 16% used [0x0000000780000000,0x0000000780dcb6e8,0x0000000785580000)
 Metaspace       used 6094K, capacity 7024K, committed 7296K, reserved 1056768K
  class space    used 586K, capacity 616K, committed 640K, reserved 1048576K
Event: 7.180 GC heap after
Heap after GC invocations=5 (full 0):
 PSYoungGen      total 71680K, used 5093K [0x00000007aab00000, 0x00000007b4d00000, 0x00000007c0000000)
  eden space 66560K, 0% used [0x00000007aab00000,0x00000007aab00000,0x00000007aec00000)
  from space 5120K, 99% used [0x00000007aec00000,0x00000007af0f94d8,0x00000007af100000)
  to   space 16384K, 0% used [0x00000007b3d00000,0x00000007b3d00000,0x00000007b4d00000)
 ParOldGen       total 87552K, used 24148K [0x0000000780000000, 0x0000000785580000, 0x00000007aab00000)
  object space 87552K, 27% used [0x0000000780000000,0x00000007817950b0,0x0000000785580000)
 Metaspace       used 6094K, capacity 7024K, committed 7296K, reserved 1056768K
  class space    used 586K, capacity 616K, committed 640K, reserved 1048576K
}
Event: 8.514 GC heap before
{Heap before GC invocations=6 (full 0):
 PSYoungGen      total 71680K, used 71653K [0x00000007aab00000, 0x00000007b4d00000, 0x00000007c0000000)
  eden space 66560K, 100% used [0x00000007aab00000,0x00000007aec00000,0x00000007aec00000)
  from space 5120K, 99% used [0x00000007aec00000,0x00000007af0f94d8,0x00000007af100000)
  to   space 16384K, 0% used [0x00000007b3d00000,0x00000007b3d00000,0x00000007b4d00000)
 ParOldGen       total 87552K, used 24148K [0x0000000780000000, 0x0000000785580000, 0x00000007aab00000)
  object space 87552K, 27% used [0x0000000780000000,0x00000007817950b0,0x0000000785580000)
 Metaspace       used 6202K, capacity 7152K, committed 7296K, reserved 1056768K
  class space    used 586K, capacity 616K, committed 640K, reserved 1048576K
Event: 8.547 GC heap after
Heap after GC invocations=6 (full 0):
 PSYoungGen      total 146944K, used 16197K [0x00000007aab00000, 0x00000007b5200000, 0x00000007c0000000)
  eden space 130560K, 0% used [0x00000007aab00000,0x00000007aab00000,0x00000007b2a80000)
  from space 16384K, 98% used [0x00000007b3d00000,0x00000007b4cd14f8,0x00000007b4d00000)
  to   space 18944K, 0% used [0x00000007b2a80000,0x00000007b2a80000,0x00000007b3d00000)
 ParOldGen       total 87552K, used 24148K [0x0000000780000000, 0x0000000785580000, 0x00000007aab00000)
  object space 87552K, 27% used [0x0000000780000000,0x00000007817950b0,0x0000000785580000)
 Metaspace       used 6202K, capacity 7152K, committed 7296K, reserved 1056768K
  class space    used 586K, capacity 616K, committed 640K, reserved 1048576K
}

Deoptimization events (10 events):
Event: 4.856 Thread 0x00007ff6df803800 Uncommon trap: reason=class_check action=maybe_recompile pc=0x000000010b93df20 method=java.util.HashMap.getNode(ILjava/lang/Object;)Ljava/util/HashMap$Node; @ 126
Event: 4.856 Thread 0x00007ff6df803800 Uncommon trap: reason=class_check action=maybe_recompile pc=0x000000010b93df20 method=java.util.HashMap.getNode(ILjava/lang/Object;)Ljava/util/HashMap$Node; @ 126
Event: 4.856 Thread 0x00007ff6df803800 Uncommon trap: reason=class_check action=maybe_recompile pc=0x000000010b93df20 method=java.util.HashMap.getNode(ILjava/lang/Object;)Ljava/util/HashMap$Node; @ 126
Event: 4.856 Thread 0x00007ff6df803800 Uncommon trap: reason=class_check action=maybe_recompile pc=0x000000010b93df20 method=java.util.HashMap.getNode(ILjava/lang/Object;)Ljava/util/HashMap$Node; @ 126
Event: 4.857 Thread 0x00007ff6df803800 Uncommon trap: reason=class_check action=maybe_recompile pc=0x000000010b92bfbc method=java.util.HashMap.getNode(ILjava/lang/Object;)Ljava/util/HashMap$Node; @ 126
Event: 5.167 Thread 0x00007ff6df0e6800 Uncommon trap: reason=unstable_if action=reinterpret pc=0x000000010ba66efc method=com.android.dx.ssa.SsaMethod.updateOneDefinition(Lcom/android/dx/ssa/SsaInsn;Lcom/android/dx/rop/code/RegisterSpec;)V @ 4
Event: 5.869 Thread 0x00007ff6df89f000 Uncommon trap: reason=unstable_if action=reinterpret pc=0x000000010babc2c8 method=com.android.dx.util.IntList.binarysearch(I)I @ 105
Event: 7.248 Thread 0x00007ff6df89b000 Uncommon trap: reason=bimorphic action=maybe_recompile pc=0x000000010bb5a6b8 method=java.util.HashMap.getNode(ILjava/lang/Object;)Ljava/util/HashMap$Node; @ 126
Event: 7.248 Thread 0x00007ff6df89b000 Uncommon trap: reason=class_check action=maybe_recompile pc=0x000000010bc14c04 method=java.util.HashMap.putVal(ILjava/lang/Object;Ljava/lang/Object;ZZ)Ljava/lang/Object; @ 203
Event: 7.599 Thread 0x00007ff6df89f000 Uncommon trap: reason=unstable_if action=reinterpret pc=0x000000010ba1d0e4 method=java.util.concurrent.ConcurrentHashMap.get(Ljava/lang/Object;)Ljava/lang/Object; @ 86

Classes redefined (0 events):
No events

Internal exceptions (5 events):
Event: 0.049 Thread 0x00007ff6df803800 Exception <a 'java/lang/NoSuchMethodError': Method sun.misc.Unsafe.defineClass(Ljava/lang/String;[BII)Ljava/lang/Class; name or signature does not match> (0x00000007aab07cb0) thrown at [/Volumes/Android/buildbot/src/googleplex-android/openjdk/out/hotspot/
Event: 0.049 Thread 0x00007ff6df803800 Exception <a 'java/lang/NoSuchMethodError': Method sun.misc.Unsafe.prefetchRead(Ljava/lang/Object;J)V name or signature does not match> (0x00000007aab07f98) thrown at [/Volumes/Android/buildbot/src/googleplex-android/openjdk/out/hotspot/src/share/vm/prims
Event: 8.981 Thread 0x00007ff6df0e6800 Exception <a 'java/lang/ArrayIndexOutOfBoundsException': 18> (0x00000007ac46c128) thrown at [/Volumes/Android/buildbot/src/googleplex-android/openjdk/out/hotspot/src/share/vm/interpreter/interpreterRuntime.cpp, line 368]
Event: 8.982 Thread 0x00007ff6df0e6800 Exception <a 'java/lang/ArrayIndexOutOfBoundsException': 145> (0x00000007ac46dca8) thrown at [/Volumes/Android/buildbot/src/googleplex-android/openjdk/out/hotspot/src/share/vm/interpreter/interpreterRuntime.cpp, line 368]
Event: 8.983 Thread 0x00007ff6df0e6800 Exception <a 'java/lang/ArrayIndexOutOfBoundsException': 40> (0x00000007ac46ef90) thrown at [/Volumes/Android/buildbot/src/googleplex-android/openjdk/out/hotspot/src/share/vm/interpreter/interpreterRuntime.cpp, line 368]

Events (10 events):
Event: 8.982 loading class sun/reflect/generics/reflectiveObjects/ParameterizedTypeImpl
Event: 8.983 loading class java/lang/reflect/ParameterizedType
Event: 8.983 loading class java/lang/reflect/ParameterizedType done
Event: 8.983 loading class sun/reflect/generics/reflectiveObjects/ParameterizedTypeImpl done
Event: 8.983 loading class java/lang/reflect/TypeVariable
Event: 8.983 loading class java/lang/reflect/TypeVariable done
Event: 8.983 loading class sun/reflect/generics/reflectiveObjects/TypeVariableImpl
Event: 8.984 loading class sun/reflect/generics/reflectiveObjects/LazyReflectiveObjectGenerator
Event: 8.984 loading class sun/reflect/generics/reflectiveObjects/LazyReflectiveObjectGenerator done
Event: 8.984 loading class sun/reflect/generics/reflectiveObjects/TypeVariableImpl done


Dynamic libraries:
0x00007fff38cab000 	/System/Library/Frameworks/Cocoa.framework/Versions/A/Cocoa
0x00007fff45092000 	/System/Library/Frameworks/Security.framework/Versions/A/Security
0x00007fff3791a000 	/System/Library/Frameworks/ApplicationServices.framework/Versions/A/ApplicationServices
0x00007fff60c99000 	/usr/lib/libz.1.dylib
0x00007fff5ec2e000 	/usr/lib/libSystem.B.dylib
0x00007fff39453000 	/System/Library/Frameworks/CoreFoundation.framework/Versions/A/CoreFoundation
0x00007fff3b5a0000 	/System/Library/Frameworks/Foundation.framework/Versions/C/Foundation
0x00007fff602b1000 	/usr/lib/libobjc.A.dylib
0x00007fff36a6b000 	/System/Library/Frameworks/AppKit.framework/Versions/C/AppKit
0x00007fff39023000 	/System/Library/Frameworks/CoreData.framework/Versions/A/CoreData
0x00007fff5865f000 	/System/Library/PrivateFrameworks/RemoteViewServices.framework/Versions/A/RemoteViewServices
0x00007fff5ccb4000 	/System/Library/PrivateFrameworks/UIFoundation.framework/Versions/A/UIFoundation
0x00007fff4d691000 	/System/Library/PrivateFrameworks/DFRFoundation.framework/Versions/A/DFRFoundation
0x00007fff3da7c000 	/System/Library/Frameworks/Metal.framework/Versions/A/Metal
0x00007fff4d832000 	/System/Library/PrivateFrameworks/DesktopServicesPriv.framework/Versions/A/DesktopServicesPriv
0x00007fff5f8b3000 	/usr/lib/libenergytrace.dylib
0x00007fff5add8000 	/System/Library/PrivateFrameworks/SkyLight.framework/Versions/A/SkyLight
0x00007fff398ee000 	/System/Library/Frameworks/CoreGraphics.framework/Versions/A/CoreGraphics
0x00007fff5ec29000 	/usr/lib/libScreenReader.dylib
0x00007fff357a3000 	/System/Library/Frameworks/Accelerate.framework/Versions/A/Accelerate
0x00007fff3bd17000 	/System/Library/Frameworks/IOSurface.framework/Versions/A/IOSurface
0x00007fff37e64000 	/System/Library/Frameworks/AudioToolbox.framework/Versions/A/AudioToolbox
0x00007fff380f1000 	/System/Library/Frameworks/AudioUnit.framework/Versions/A/AudioUnit
0x00007fff4d72d000 	/System/Library/PrivateFrameworks/DataDetectorsCore.framework/Versions/A/DataDetectorsCore
0x00007fff387b2000 	/System/Library/Frameworks/Carbon.framework/Versions/A/Frameworks/HIToolbox.framework/Versions/A/HIToolbox
0x00007fff5fa0d000 	/usr/lib/libicucore.A.dylib
0x00007fff44611000 	/System/Library/Frameworks/QuartzCore.framework/Versions/A/QuartzCore
0x00007fff38b98000 	/System/Library/Frameworks/Carbon.framework/Versions/A/Frameworks/SpeechRecognition.framework/Versions/A/SpeechRecognition
0x00007fff5ee0c000 	/usr/lib/libauto.dylib
0x00007fff60b88000 	/usr/lib/libxml2.2.dylib
0x00007fff4d30b000 	/System/Library/PrivateFrameworks/CoreUI.framework/Versions/A/CoreUI
0x00007fff38eff000 	/System/Library/Frameworks/CoreAudio.framework/Versions/A/CoreAudio
0x00007fff3b3da000 	/System/Library/Frameworks/DiskArbitration.framework/Versions/A/DiskArbitration
0x00007fff5fc81000 	/usr/lib/liblangid.dylib
0x00007fff54baa000 	/System/Library/PrivateFrameworks/MultitouchSupport.framework/Versions/A/MultitouchSupport
0x00007fff3bc7a000 	/System/Library/Frameworks/IOKit.framework/Versions/A/IOKit
0x00007fff5e8c6000 	/usr/lib/libDiagnosticMessagesClient.dylib
0x00007fff3a5ca000 	/System/Library/Frameworks/CoreServices.framework/Versions/A/CoreServices
0x00007fff56644000 	/System/Library/PrivateFrameworks/PerformanceAnalysis.framework/Versions/A/PerformanceAnalysis
0x00007fff437bb000 	/System/Library/Frameworks/OpenGL.framework/Versions/A/OpenGL
0x00007fff38cb9000 	/System/Library/Frameworks/ColorSync.framework/Versions/A/ColorSync
0x00007fff39f1b000 	/System/Library/Frameworks/CoreImage.framework/Versions/A/CoreImage
0x00007fff3af4b000 	/System/Library/Frameworks/CoreText.framework/Versions/A/CoreText
0x00007fff3bd75000 	/System/Library/Frameworks/ImageIO.framework/Versions/A/ImageIO
0x00007fff49b64000 	/System/Library/PrivateFrameworks/Backup.framework/Versions/A/Backup
0x00007fff5ecda000 	/usr/lib/libarchive.2.dylib
0x00007fff38406000 	/System/Library/Frameworks/CFNetwork.framework/Versions/A/CFNetwork
0x00007fff4580e000 	/System/Library/Frameworks/SystemConfiguration.framework/Versions/A/SystemConfiguration
0x00007fff5e7ef000 	/usr/lib/libCRFSuite.dylib
0x00007fff5eee4000 	/usr/lib/libc++.1.dylib
0x00007fff5ef3b000 	/usr/lib/libc++abi.dylib
0x00007fff60d49000 	/usr/lib/system/libcache.dylib
0x00007fff60d4e000 	/usr/lib/system/libcommonCrypto.dylib
0x00007fff60d59000 	/usr/lib/system/libcompiler_rt.dylib
0x00007fff60d61000 	/usr/lib/system/libcopyfile.dylib
0x00007fff60d6a000 	/usr/lib/system/libcorecrypto.dylib
0x00007fff60e77000 	/usr/lib/system/libdispatch.dylib
0x00007fff60eb1000 	/usr/lib/system/libdyld.dylib
0x00007fff60ecf000 	/usr/lib/system/libkeymgr.dylib
0x00007fff60edd000 	/usr/lib/system/liblaunch.dylib
0x00007fff60ede000 	/usr/lib/system/libmacho.dylib
0x00007fff60ee3000 	/usr/lib/system/libquarantine.dylib
0x00007fff60ee6000 	/usr/lib/system/libremovefile.dylib
0x00007fff60ee8000 	/usr/lib/system/libsystem_asl.dylib
0x00007fff60f00000 	/usr/lib/system/libsystem_blocks.dylib
0x00007fff60f01000 	/usr/lib/system/libsystem_c.dylib
0x00007fff60f8b000 	/usr/lib/system/libsystem_configuration.dylib
0x00007fff60f8f000 	/usr/lib/system/libsystem_coreservices.dylib
0x00007fff60f93000 	/usr/lib/system/libsystem_darwin.dylib
0x00007fff60f95000 	/usr/lib/system/libsystem_dnssd.dylib
0x00007fff60f9c000 	/usr/lib/system/libsystem_info.dylib
0x00007fff6100c000 	/usr/lib/system/libsystem_m.dylib
0x00007fff61058000 	/usr/lib/system/libsystem_malloc.dylib
0x00007fff61078000 	/usr/lib/system/libsystem_network.dylib
0x00007fff6111d000 	/usr/lib/system/libsystem_networkextension.dylib
0x00007fff61128000 	/usr/lib/system/libsystem_notify.dylib
0x00007fff61146000 	/usr/lib/system/libsystem_sandbox.dylib
0x00007fff6114a000 	/usr/lib/system/libsystem_secinit.dylib
0x00007fff60fe6000 	/usr/lib/system/libsystem_kernel.dylib
0x00007fff61132000 	/usr/lib/system/libsystem_platform.dylib
0x00007fff6113a000 	/usr/lib/system/libsystem_pthread.dylib
0x00007fff6114c000 	/usr/lib/system/libsystem_symptoms.dylib
0x00007fff61154000 	/usr/lib/system/libsystem_trace.dylib
0x00007fff61169000 	/usr/lib/system/libunwind.dylib
0x00007fff6116f000 	/usr/lib/system/libxpc.dylib
0x00007fff5e71c000 	/usr/lib/closure/libclosured.dylib
0x00007fff5eec5000 	/usr/lib/libbsm.0.dylib
0x00007fff60ed0000 	/usr/lib/system/libkxld.dylib
0x00007fff5eb00000 	/usr/lib/libOpenScriptingUtil.dylib
0x00007fff5f235000 	/usr/lib/libcoretls.dylib
0x00007fff5f24e000 	/usr/lib/libcoretls_cfhelpers.dylib
0x00007fff606b5000 	/usr/lib/libpam.2.dylib
0x00007fff607db000 	/usr/lib/libsqlite3.dylib
0x00007fff60b77000 	/usr/lib/libxar.1.dylib
0x00007fff5eed6000 	/usr/lib/libbz2.1.0.dylib
0x00007fff5fc83000 	/usr/lib/liblzma.5.dylib
0x00007fff60164000 	/usr/lib/libnetwork.dylib
0x00007fff5ecc3000 	/usr/lib/libapple_nghttp2.dylib
0x00007fff606bc000 	/usr/lib/libpcap.A.dylib
0x00007fff5ee0d000 	/usr/lib/libboringssl.dylib
0x00007fff60b39000 	/usr/lib/libusrtcp.dylib
0x00007fff5ecc2000 	/usr/lib/libapple_crypto.dylib
0x00007fff3a94d000 	/System/Library/Frameworks/CoreServices.framework/Versions/A/Frameworks/FSEvents.framework/Versions/A/FSEvents
0x00007fff3a640000 	/System/Library/Frameworks/CoreServices.framework/Versions/A/Frameworks/CarbonCore.framework/Versions/A/CarbonCore
0x00007fff3ab0f000 	/System/Library/Frameworks/CoreServices.framework/Versions/A/Frameworks/Metadata.framework/Versions/A/Metadata
0x00007fff3abbf000 	/System/Library/Frameworks/CoreServices.framework/Versions/A/Frameworks/OSServices.framework/Versions/A/OSServices
0x00007fff3ac1d000 	/System/Library/Frameworks/CoreServices.framework/Versions/A/Frameworks/SearchKit.framework/Versions/A/SearchKit
0x00007fff3a5cb000 	/System/Library/Frameworks/CoreServices.framework/Versions/A/Frameworks/AE.framework/Versions/A/AE
0x00007fff3a956000 	/System/Library/Frameworks/CoreServices.framework/Versions/A/Frameworks/LaunchServices.framework/Versions/A/LaunchServices
0x00007fff3a918000 	/System/Library/Frameworks/CoreServices.framework/Versions/A/Frameworks/DictionaryServices.framework/Versions/A/DictionaryServices
0x00007fff3ac8c000 	/System/Library/Frameworks/CoreServices.framework/Versions/A/Frameworks/SharedFileList.framework/Versions/A/SharedFileList
0x00007fff3ec48000 	/System/Library/Frameworks/NetFS.framework/Versions/A/NetFS
0x00007fff54e37000 	/System/Library/PrivateFrameworks/NetAuth.framework/Versions/A/NetAuth
0x00007fff5e5b6000 	/System/Library/PrivateFrameworks/login.framework/Versions/A/Frameworks/loginsupport.framework/Versions/A/loginsupport
0x00007fff5c938000 	/System/Library/PrivateFrameworks/TCC.framework/Versions/A/TCC
0x00007fff5fd64000 	/usr/lib/libmecabra.dylib
0x00007fff3791b000 	/System/Library/Frameworks/ApplicationServices.framework/Versions/A/Frameworks/ATS.framework/Versions/A/ATS
0x00007fff37cc9000 	/System/Library/Frameworks/ApplicationServices.framework/Versions/A/Frameworks/ColorSyncLegacy.framework/Versions/A/ColorSyncLegacy
0x00007fff37d6d000 	/System/Library/Frameworks/ApplicationServices.framework/Versions/A/Frameworks/HIServices.framework/Versions/A/HIServices
0x00007fff37dc0000 	/System/Library/Frameworks/ApplicationServices.framework/Versions/A/Frameworks/LangAnalysis.framework/Versions/A/LangAnalysis
0x00007fff37dcf000 	/System/Library/Frameworks/ApplicationServices.framework/Versions/A/Frameworks/PrintCore.framework/Versions/A/PrintCore
0x00007fff37e1c000 	/System/Library/Frameworks/ApplicationServices.framework/Versions/A/Frameworks/QD.framework/Versions/A/QD
0x00007fff37e57000 	/System/Library/Frameworks/ApplicationServices.framework/Versions/A/Frameworks/SpeechSynthesis.framework/Versions/A/SpeechSynthesis
0x00007fff39386000 	/System/Library/Frameworks/CoreDisplay.framework/Versions/A/CoreDisplay
0x00007fff357bc000 	/System/Library/Frameworks/Accelerate.framework/Versions/A/Frameworks/vImage.framework/Versions/A/vImage
0x00007fff3677b000 	/System/Library/Frameworks/Accelerate.framework/Versions/A/Frameworks/vecLib.framework/Versions/A/vecLib
0x00007fff36551000 	/System/Library/Frameworks/Accelerate.framework/Versions/A/Frameworks/vecLib.framework/Versions/A/libvDSP.dylib
0x00007fff360ad000 	/System/Library/Frameworks/Accelerate.framework/Versions/A/Frameworks/vecLib.framework/Versions/A/libBNNS.dylib
0x00007fff364d9000 	/System/Library/Frameworks/Accelerate.framework/Versions/A/Frameworks/vecLib.framework/Versions/A/libQuadrature.dylib
0x00007fff366c5000 	/System/Library/Frameworks/Accelerate.framework/Versions/A/Frameworks/vecLib.framework/Versions/A/libvMisc.dylib
0x00007fff360e8000 	/System/Library/Frameworks/Accelerate.framework/Versions/A/Frameworks/vecLib.framework/Versions/A/libLAPACK.dylib
0x00007fff35f0b000 	/System/Library/Frameworks/Accelerate.framework/Versions/A/Frameworks/vecLib.framework/Versions/A/libBLAS.dylib
0x00007fff364c2000 	/System/Library/Frameworks/Accelerate.framework/Versions/A/Frameworks/vecLib.framework/Versions/A/libLinearAlgebra.dylib
0x00007fff364df000 	/System/Library/Frameworks/Accelerate.framework/Versions/A/Frameworks/vecLib.framework/Versions/A/libSparse.dylib
0x00007fff3653e000 	/System/Library/Frameworks/Accelerate.framework/Versions/A/Frameworks/vecLib.framework/Versions/A/libSparseBLAS.dylib
0x00007fff534c5000 	/System/Library/PrivateFrameworks/IOAccelerator.framework/Versions/A/IOAccelerator
0x00007fff534d0000 	/System/Library/PrivateFrameworks/IOPresentment.framework/Versions/A/IOPresentment
0x00007fff4d6a3000 	/System/Library/PrivateFrameworks/DSExternalDisplay.framework/Versions/A/DSExternalDisplay
0x00007fff42c3d000 	/System/Library/Frameworks/OpenGL.framework/Versions/A/Libraries/libCoreFSCache.dylib
0x00007fff3b09a000 	/System/Library/Frameworks/CoreVideo.framework/Versions/A/CoreVideo
0x00007fff52b18000 	/System/Library/PrivateFrameworks/GraphVisualizer.framework/Versions/A/GraphVisualizer
0x00007fff3dc3f000 	/System/Library/Frameworks/MetalPerformanceShaders.framework/Versions/A/MetalPerformanceShaders
0x00007fff5e8fe000 	/usr/lib/libFosl_dynamic.dylib
0x00007fff4e6d6000 	/System/Library/PrivateFrameworks/FaceCore.framework/Versions/A/FaceCore
0x00007fff41a45000 	/System/Library/Frameworks/OpenCL.framework/Versions/A/OpenCL
0x00007fff5ef72000 	/usr/lib/libcompression.dylib
0x00007fff37a1a000 	/System/Library/Frameworks/ApplicationServices.framework/Versions/A/Frameworks/ATS.framework/Versions/A/Resources/libFontParser.dylib
0x00007fff37b3d000 	/System/Library/Frameworks/ApplicationServices.framework/Versions/A/Frameworks/ATS.framework/Versions/A/Resources/libFontRegistry.dylib
0x00007fff3bfde000 	/System/Library/Frameworks/ImageIO.framework/Versions/A/Resources/libJPEG.dylib
0x00007fff3c308000 	/System/Library/Frameworks/ImageIO.framework/Versions/A/Resources/libTIFF.dylib
0x00007fff3c2de000 	/System/Library/Frameworks/ImageIO.framework/Versions/A/Resources/libPng.dylib
0x00007fff3bef1000 	/System/Library/Frameworks/ImageIO.framework/Versions/A/Resources/libGIF.dylib
0x00007fff3bef6000 	/System/Library/Frameworks/ImageIO.framework/Versions/A/Resources/libJP2.dylib
0x00007fff3c305000 	/System/Library/Frameworks/ImageIO.framework/Versions/A/Resources/libRadiance.dylib
0x00007fff492c5000 	/System/Library/PrivateFrameworks/AppleJPEG.framework/Versions/A/AppleJPEG
0x00007fff54910000 	/System/Library/PrivateFrameworks/MetalTools.framework/Versions/A/MetalTools
0x00007fff3db18000 	/System/Library/Frameworks/MetalPerformanceShaders.framework/Frameworks/MPSCore.framework/Versions/A/MPSCore
0x00007fff3db2e000 	/System/Library/Frameworks/MetalPerformanceShaders.framework/Frameworks/MPSImage.framework/Versions/A/MPSImage
0x00007fff3db9a000 	/System/Library/Frameworks/MetalPerformanceShaders.framework/Frameworks/MPSMatrix.framework/Versions/A/MPSMatrix
0x00007fff3dbbe000 	/System/Library/Frameworks/MetalPerformanceShaders.framework/Frameworks/MPSNeuralNetwork.framework/Versions/A/MPSNeuralNetwork
0x00007fff42e05000 	/System/Library/Frameworks/OpenGL.framework/Versions/A/Libraries/libGLU.dylib
0x00007fff42c47000 	/System/Library/Frameworks/OpenGL.framework/Versions/A/Libraries/libGFXShared.dylib
0x00007fff42c50000 	/System/Library/Frameworks/OpenGL.framework/Versions/A/Libraries/libGL.dylib
0x00007fff42c5c000 	/System/Library/Frameworks/OpenGL.framework/Versions/A/Libraries/libGLImage.dylib
0x00007fff42c3a000 	/System/Library/Frameworks/OpenGL.framework/Versions/A/Libraries/libCVMSPluginSupport.dylib
0x00007fff42c42000 	/System/Library/Frameworks/OpenGL.framework/Versions/A/Libraries/libCoreVMClient.dylib
0x00007fff5f71f000 	/usr/lib/libcups.2.dylib
0x00007fff3d0e4000 	/System/Library/Frameworks/Kerberos.framework/Versions/A/Kerberos
0x00007fff3b9d5000 	/System/Library/Frameworks/GSS.framework/Versions/A/GSS
0x00007fff6076f000 	/usr/lib/libresolv.9.dylib
0x00007fff5f91b000 	/usr/lib/libiconv.2.dylib
0x00007fff52b9f000 	/System/Library/PrivateFrameworks/Heimdal.framework/Versions/A/Heimdal
0x00007fff5f8ea000 	/usr/lib/libheimdal-asn1.dylib
0x00007fff41ab0000 	/System/Library/Frameworks/OpenDirectory.framework/Versions/A/OpenDirectory
0x00007fff4b57b000 	/System/Library/PrivateFrameworks/CommonAuth.framework/Versions/A/CommonAuth
0x00007fff41a93000 	/System/Library/Frameworks/OpenDirectory.framework/Versions/A/Frameworks/CFOpenDirectory.framework/Versions/A/CFOpenDirectory
0x00007fff453aa000 	/System/Library/Frameworks/SecurityFoundation.framework/Versions/A/SecurityFoundation
0x00007fff484b1000 	/System/Library/PrivateFrameworks/APFS.framework/Versions/A/APFS
0x00007fff60b73000 	/usr/lib/libutil.dylib
0x00007fff49348000 	/System/Library/PrivateFrameworks/AppleSauce.framework/Versions/A/AppleSauce
0x00007fff53ca7000 	/System/Library/PrivateFrameworks/LinguisticData.framework/Versions/A/LinguisticData
0x00007fff5fc9d000 	/usr/lib/libmarisa.dylib
0x00007fff53c61000 	/System/Library/PrivateFrameworks/Lexicon.framework/Versions/A/Lexicon
0x00007fff5e829000 	/usr/lib/libChineseTokenizer.dylib
0x00007fff5ef61000 	/usr/lib/libcmph.dylib
0x00007fff53b6b000 	/System/Library/PrivateFrameworks/LanguageModeling.framework/Versions/A/LanguageModeling
0x00007fff4bf91000 	/System/Library/PrivateFrameworks/CoreEmoji.framework/Versions/A/CoreEmoji
0x00007fff45466000 	/System/Library/Frameworks/ServiceManagement.framework/Versions/A/ServiceManagement
0x00007fff49b5c000 	/System/Library/PrivateFrameworks/BackgroundTaskManagement.framework/Versions/A/BackgroundTaskManagement
0x00007fff60c70000 	/usr/lib/libxslt.1.dylib
0x00007fff38ac2000 	/System/Library/Frameworks/Carbon.framework/Versions/A/Frameworks/Ink.framework/Versions/A/Ink
0x00007fff5cb4c000 	/System/Library/PrivateFrameworks/TextureIO.framework/Versions/A/TextureIO
0x00007fff5ed05000 	/usr/lib/libate.dylib
0x00007fff4d605000 	/System/Library/PrivateFrameworks/CrashReporterSupport.framework/Versions/A/CrashReporterSupport
0x00007fff59f9f000 	/System/Library/PrivateFrameworks/Sharing.framework/Versions/A/Sharing
0x00007fff538b1000 	/System/Library/PrivateFrameworks/IconServices.framework/Versions/A/IconServices
0x00007fff58460000 	/System/Library/PrivateFrameworks/ProtocolBuffer.framework/Versions/A/ProtocolBuffer
0x00007fff49150000 	/System/Library/PrivateFrameworks/Apple80211.framework/Versions/A/Apple80211
0x00007fff3b0d5000 	/System/Library/Frameworks/CoreWLAN.framework/Versions/A/CoreWLAN
0x00007fff4d440000 	/System/Library/PrivateFrameworks/CoreUtils.framework/Versions/A/CoreUtils
0x00007fff3bb17000 	/System/Library/Frameworks/IOBluetooth.framework/Versions/A/IOBluetooth
0x00007fff4d5a0000 	/System/Library/PrivateFrameworks/CoreWiFi.framework/Versions/A/CoreWiFi
0x00007fff38ff9000 	/System/Library/Frameworks/CoreBluetooth.framework/Versions/A/CoreBluetooth
0x00007fff5a0da000 	/System/Library/PrivateFrameworks/SignpostNotification.framework/Versions/A/SignpostNotification
0x00007fff4d7f1000 	/System/Library/PrivateFrameworks/DebugSymbols.framework/Versions/A/DebugSymbols
0x00007fff4d1f7000 	/System/Library/PrivateFrameworks/CoreSymbolication.framework/Versions/A/CoreSymbolication
0x00007fff5c3c2000 	/System/Library/PrivateFrameworks/Symbolication.framework/Versions/A/Symbolication
0x00007fff4917a000 	/System/Library/PrivateFrameworks/AppleFSCompression.framework/Versions/A/AppleFSCompression
0x00007fff5b823000 	/System/Library/PrivateFrameworks/SpeechRecognitionCore.framework/Versions/A/SpeechRecognitionCore
0x0000000102e00000 	/Applications/Android Studio.app/Contents/jre/jdk/Contents/Home/jre/lib/server/libjvm.dylib
0x00007fff60a6a000 	/usr/lib/libstdc++.6.0.9.dylib
0x0000000102548000 	/Applications/Android Studio.app/Contents/jre/jdk/Contents/Home/jre/lib/libverify.dylib
0x0000000102555000 	/Applications/Android Studio.app/Contents/jre/jdk/Contents/Home/jre/lib/libjava.dylib
0x00000001025e4000 	/Applications/Android Studio.app/Contents/jre/jdk/Contents/Home/jre/lib/libzip.dylib

VM Arguments:
jvm_args: -Djava.awt.headless=true -Xmx1024M -Dfile.encoding=UTF-8 -Duser.country=GB -Duser.language=en -Duser.variant 
java_command: com.android.dx.command.Main --dex --num-threads=4 --output /Users/johnhiggins/Documents/Universal App/ResumeSamples/app/build/intermediates/pre-dexed/weightLossRecipes/debug/com.android.support-support-v4-24.0.0_6075c3c5a392bcad482b5a2d4169dfa163c1136e.jar /Users/johnhiggins/Documents/Universal App/ResumeSamples/app/build/intermediates/exploded-aar/com.android.support/support-v4/24.0.0/jars/classes.jar
java_class_path (initial): /Users/johnhiggins/Library/Android/sdk/build-tools/28.0.3/lib/dx.jar
Launcher Type: SUN_STANDARD

Environment Variables:
PATH=/usr/bin:/bin:/usr/sbin:/sbin
SHELL=/bin/bash
DISPLAY=/private/tmp/com.apple.launchd.992gG8EMXn/org.macosforge.xquartz:0

Signal Handlers:
SIGSEGV: [libjvm.dylib+0x55bff5], sa_mask[0]=11111111011111110111111111111111, sa_flags=SA_ONSTACK|SA_RESTART|SA_SIGINFO
SIGBUS: [libjvm.dylib+0x55bff5], sa_mask[0]=11111111011111110111111111111111, sa_flags=SA_RESTART|SA_SIGINFO
SIGFPE: [libjvm.dylib+0x453a89], sa_mask[0]=11111111011111110111111111111111, sa_flags=SA_RESTART|SA_SIGINFO
SIGPIPE: [libjvm.dylib+0x453a89], sa_mask[0]=11111111011111110111111111111111, sa_flags=SA_RESTART|SA_SIGINFO
SIGXFSZ: [libjvm.dylib+0x453a89], sa_mask[0]=11111111011111110111111111111111, sa_flags=SA_RESTART|SA_SIGINFO
SIGILL: [libjvm.dylib+0x453a89], sa_mask[0]=11111111011111110111111111111111, sa_flags=SA_RESTART|SA_SIGINFO
SIGUSR1: SIG_DFL, sa_mask[0]=00000000000000000000000000000000, sa_flags=none
SIGUSR2: [libjvm.dylib+0x454390], sa_mask[0]=00100000000000000000000000000000, sa_flags=SA_RESTART|SA_SIGINFO
SIGHUP: [libjvm.dylib+0x4525a3], sa_mask[0]=11111111011111110111111111111111, sa_flags=SA_RESTART|SA_SIGINFO
SIGINT: [libjvm.dylib+0x4525a3], sa_mask[0]=11111111011111110111111111111111, sa_flags=SA_RESTART|SA_SIGINFO
SIGTERM: [libjvm.dylib+0x4525a3], sa_mask[0]=11111111011111110111111111111111, sa_flags=SA_RESTART|SA_SIGINFO
SIGQUIT: [libjvm.dylib+0x4525a3], sa_mask[0]=11111111011111110111111111111111, sa_flags=SA_RESTART|SA_SIGINFO


---------------  S Y S T E M  ---------------

OS:Bsduname:Darwin 17.4.0 Darwin Kernel Version 17.4.0: Sun Dec 17 09:19:54 PST 2017; root:xnu-4570.41.2~1/RELEASE_X86_64 x86_64
rlimit: STACK 8192k, CORE 0k, NPROC 709, NOFILE 10240, AS infinity
load average:41.92 13.33 7.55

CPU:total 4 (initial active 4) (2 cores per cpu, 2 threads per core) family 6 model 58 stepping 9, cmov, cx8, fxsr, mmx, sse, sse2, sse3, ssse3, sse4.1, sse4.2, popcnt, avx, aes, clmul, erms, ht, tsc, tscinvbit, tscinv

Memory: 4k page, physical 8388608k(236464k free)

/proc/meminfo:


vm_info: OpenJDK 64-Bit Server VM (25.202-b49-5587405) for bsd-amd64 JRE (1.8.0_202-release-1483-b49-5587405), built by "android-build" with gcc 4.2.1 Compatible Android (5058415 based on r339409) Clang 8.0.2 (https://android.googlesource.com/toolchain/clang 40173bab62ec746213857d083c0e8b0abb568790) (https://android.googlesource.com/toolchain/llvm 7a6618d69e7e8111e1d49dc9e7813767c5ca756a)

time: Fri Sep 13 09:32:33 2019
timezone: BST
elapsed time: 9 seconds (0d 0h 0m 9s)

